{"name": "test_popup_responsive_on_common_viewports", "status": "broken", "statusDetails": {"message": "selenium.common.exceptions.TimeoutException: Message: \nStacktrace:\nSymbols not available. Dumping unresolved backtrace:\n\t0x5d4103\n\t0x5d4144\n\t0x3de71d\n\t0x42a03d\n\t0x42a41b\n\t0x4717f2\n\t0x44c954\n\t0x46ee17\n\t0x44c706\n\t0x41da30\n\t0x41ed54\n\t0x8457b4\n\t0x84098a\n\t0x5fc392\n\t0x5ec4c8\n\t0x5f324d\n\t0x5dc478\n\t0x5dc63c\n\t0x5c67ca\n\t0x766f5d49\n\t0x774ed6db\n\t0x774ed661", "trace": "self = <tests.test_responsiveness.TestPopupResponsiveness object at 0x00000199B6C3D1D0>, driver = <selenium.webdriver.chrome.webdriver.WebDriver (session=\"b7a50b8d208513d71ba7c586c9422a37\")>\ntest_data = {'campaign': {'custom_rule_id': 3677, 'id': 16087, 'language': 'tr_TR', 'name': '[OPT] QA Recruitment Task'}, 'product_page': {'name': 'THE ADVENTURE BEGINS FRAMED POSTER', 'url': '/art/4-the-adventure-begins-framed-poster.html'}}\n\n    @allure.description(\"Validate popup responsiveness on desktop, tablet, and mobile viewports.\")\n    @allure.severity(allure.severity_level.NORMAL)\n    def test_popup_responsive_on_common_viewports(self, driver, test_data):\n        # Construct product page URL from BASE_URL and JSON test data file.\n        with allure.step(\"Construct product page URL from BASE_URL + JSON file\"):\n            url = BASE_URL + test_data[\"product_page\"][\"url\"] # example; \"/products/sample-product\".\n    \n        product = ProductPage(driver)\n    \n        # Test on desktop, tablet, and mobile viewports.\n        for width, height in (\n            VIEWPORT_DESKTOP,\n            VIEWPORT_TABLET,\n            VIEWPORT_MOBILE,\n        ):\n            # Test responsiveness in the current viewport size.\n            with allure.step(f\"Testing responsiveness in viewport: {width}x{height}\"):\n                driver.set_window_size(width, height)\n                product.open(url)\n                # Wait for popup to be visible and assert it's fully within viewport bounds.\n>               popup = product.wait_for_popup_visible()\n                        ^^^^^^^^^^^^^^^^^^^^^^^^^^^^^^^^\n\ntests\\test_responsiveness.py:46: \n_ _ _ _ _ _ _ _ _ _ _ _ _ _ _ _ _ _ _ _ _ _ _ _ _ _ _ _ _ _ _ _ _ _ _ _ _ _ _ _ _ _ _ _ _ _ _ _ _ _ _ _ _ _ _ _ _ _ _ _ _ _ _ _ _ _ _ _ _ _ _ _ _ _ _ _ _ _ _ _ _ _ _ _ _ _ _ _ _ _ _ _ _ _ _ _ _ _ _ _ _ _ _ _ _ _ _ _ _ _ _ _ _ _ _ _\npages\\page_products.py:24: in wait_for_popup_visible\n    popup = wait_for_visibility(self.driver, self.POPUP_CONTAINER)\n            ^^^^^^^^^^^^^^^^^^^^^^^^^^^^^^^^^^^^^^^^^^^^^^^^^^^^^^\nutilities\\waiter.py:9: in wait_for_visibility\n    return WebDriverWait(driver, t).until(EC.visibility_of_element_located(locator))\n           ^^^^^^^^^^^^^^^^^^^^^^^^^^^^^^^^^^^^^^^^^^^^^^^^^^^^^^^^^^^^^^^^^^^^^^^^^\n_ _ _ _ _ _ _ _ _ _ _ _ _ _ _ _ _ _ _ _ _ _ _ _ _ _ _ _ _ _ _ _ _ _ _ _ _ _ _ _ _ _ _ _ _ _ _ _ _ _ _ _ _ _ _ _ _ _ _ _ _ _ _ _ _ _ _ _ _ _ _ _ _ _ _ _ _ _ _ _ _ _ _ _ _ _ _ _ _ _ _ _ _ _ _ _ _ _ _ _ _ _ _ _ _ _ _ _ _ _ _ _ _ _ _ _\n\nself = <selenium.webdriver.support.wait.WebDriverWait (session=\"b7a50b8d208513d71ba7c586c9422a37\")>, method = <function visibility_of_element_located.<locals>._predicate at 0x00000199B6CF43B0>, message = ''\n\n    def until(self, method: Callable[[D], Union[Literal[False], T]], message: str = \"\") -> T:\n        \"\"\"Wait until the method returns a value that is not False.\n    \n        Calls the method provided with the driver as an argument until the\n        return value does not evaluate to ``False``.\n    \n        Parameters:\n        -----------\n        method: callable(WebDriver)\n            - A callable object that takes a WebDriver instance as an argument.\n    \n        message: str\n            - Optional message for :exc:`TimeoutException`\n    \n        Return:\n        -------\n        object: T\n            - The result of the last call to `method`\n    \n        Raises:\n        -------\n        TimeoutException\n            - If 'method' does not return a truthy value within the WebDriverWait\n            object's timeout\n    \n        Example:\n        --------\n        >>> from selenium.webdriver.common.by import By\n        >>> from selenium.webdriver.support.ui import WebDriverWait\n        >>> from selenium.webdriver.support import expected_conditions as EC\n    \n        # Wait until an element is visible on the page\n        >>> wait = WebDriverWait(driver, 10)\n        >>> element = wait.until(EC.visibility_of_element_located((By.ID, \"exampleId\")))\n        >>> print(element.text)\n        \"\"\"\n        screen = None\n        stacktrace = None\n    \n        end_time = time.monotonic() + self._timeout\n        while True:\n            try:\n                value = method(self._driver)\n                if value:\n                    return value\n            except self._ignored_exceptions as exc:\n                screen = getattr(exc, \"screen\", None)\n                stacktrace = getattr(exc, \"stacktrace\", None)\n            if time.monotonic() > end_time:\n                break\n            time.sleep(self._poll)\n>       raise TimeoutException(message, screen, stacktrace)\nE       selenium.common.exceptions.TimeoutException: Message: \nE       Stacktrace:\nE       Symbols not available. Dumping unresolved backtrace:\nE       \t0x5d4103\nE       \t0x5d4144\nE       \t0x3de71d\nE       \t0x42a03d\nE       \t0x42a41b\nE       \t0x4717f2\nE       \t0x44c954\nE       \t0x46ee17\nE       \t0x44c706\nE       \t0x41da30\nE       \t0x41ed54\nE       \t0x8457b4\nE       \t0x84098a\nE       \t0x5fc392\nE       \t0x5ec4c8\nE       \t0x5f324d\nE       \t0x5dc478\nE       \t0x5dc63c\nE       \t0x5c67ca\nE       \t0x766f5d49\nE       \t0x774ed6db\nE       \t0x774ed661\n\nvenv\\Lib\\site-packages\\selenium\\webdriver\\support\\wait.py:138: TimeoutException"}, "description": "Validate popup responsiveness on desktop, tablet, and mobile viewports.", "steps": [{"name": "Construct product page URL from BASE_URL + JSON file", "status": "passed", "start": 1764701047283, "stop": 1764701047283}, {"name": "Testing responsiveness in viewport: 1920x1080", "status": "broken", "statusDetails": {"message": "selenium.common.exceptions.TimeoutException: Message: \nStacktrace:\nSymbols not available. Dumping unresolved backtrace:\n\t0x5d4103\n\t0x5d4144\n\t0x3de71d\n\t0x42a03d\n\t0x42a41b\n\t0x4717f2\n\t0x44c954\n\t0x46ee17\n\t0x44c706\n\t0x41da30\n\t0x41ed54\n\t0x8457b4\n\t0x84098a\n\t0x5fc392\n\t0x5ec4c8\n\t0x5f324d\n\t0x5dc478\n\t0x5dc63c\n\t0x5c67ca\n\t0x766f5d49\n\t0x774ed6db\n\t0x774ed661\n\n", "trace": "  File \"C:\\Users\\kultu\\Desktop\\kul_tunc_selenium_test_case\\tests\\test_responsiveness.py\", line 46, in test_popup_responsive_on_common_viewports\n    popup = product.wait_for_popup_visible()\n  File \"C:\\Users\\kultu\\Desktop\\kul_tunc_selenium_test_case\\pages\\page_products.py\", line 24, in wait_for_popup_visible\n    popup = wait_for_visibility(self.driver, self.POPUP_CONTAINER)\n  File \"C:\\Users\\kultu\\Desktop\\kul_tunc_selenium_test_case\\utilities\\waiter.py\", line 9, in wait_for_visibility\n    return WebDriverWait(driver, t).until(EC.visibility_of_element_located(locator))\n           ~~~~~~~~~~~~~~~~~~~~~~~~~~~~~~^^^^^^^^^^^^^^^^^^^^^^^^^^^^^^^^^^^^^^^^^^^\n  File \"C:\\Users\\kultu\\Desktop\\kul_tunc_selenium_test_case\\venv\\Lib\\site-packages\\selenium\\webdriver\\support\\wait.py\", line 138, in until\n    raise TimeoutException(message, screen, stacktrace)\n"}, "start": 1764701047283, "stop": 1764701058245}], "attachments": [{"name": "log", "source": "a16f5b9d-36f8-4fc8-9a3d-ed0460b55bed-attachment.txt", "type": "text/plain"}], "start": 1764701047283, "stop": 1764701058245, "uuid": "8ce47325-7eda-4855-8f32-43faa2a4542d", "historyId": "42fc85992c58a18203cadb7e37ce392c", "testCaseId": "42fc85992c58a18203cadb7e37ce392c", "fullName": "tests.test_responsiveness.TestPopupResponsiveness#test_popup_responsive_on_common_viewports", "labels": [{"name": "severity", "value": "normal"}, {"name": "parentSuite", "value": "tests"}, {"name": "suite", "value": "test_responsiveness"}, {"name": "subSuite", "value": "TestPopupResponsiveness"}, {"name": "host", "value": "Highlord"}, {"name": "thread", "value": "10968-MainThread"}, {"name": "framework", "value": "pytest"}, {"name": "language", "value": "cpython3"}, {"name": "package", "value": "tests.test_responsiveness"}], "titlePath": ["tests", "test_responsiveness.py", "TestPopupResponsiveness"]}