{"name": "test_inspector_details_match_campaign_data", "status": "broken", "statusDetails": {"message": "selenium.common.exceptions.TimeoutException: Message: \nStacktrace:\nSymbols not available. Dumping unresolved backtrace:\n\t0x5d4103\n\t0x5d4144\n\t0x3de71d\n\t0x42a03d\n\t0x42a41b\n\t0x4717f2\n\t0x44c954\n\t0x46ee17\n\t0x44c706\n\t0x41da30\n\t0x41ed54\n\t0x8457b4\n\t0x84098a\n\t0x5fc392\n\t0x5ec4c8\n\t0x5f324d\n\t0x5dc478\n\t0x5dc63c\n\t0x5c67ca\n\t0x766f5d49\n\t0x774ed6db\n\t0x774ed661", "trace": "self = <tests.test_inspectorVdetails.TestInspectorDetails object at 0x00000199B6C3CE10>, driver = <selenium.webdriver.chrome.webdriver.WebDriver (session=\"45efee00e88e3d54f1593b70de1011c5\")>\ntest_data = {'campaign': {'custom_rule_id': 3677, 'id': 16087, 'language': 'tr_TR', 'name': '[OPT] QA Recruitment Task'}, 'product_page': {'name': 'THE ADVENTURE BEGINS FRAMED POSTER', 'url': '/art/4-the-adventure-begins-framed-poster.html'}}\n\n    @allure.description(\"Verify inspector details (Campaign ID, Language, Custom Rule) match expected campaign data.\")\n    @allure.severity(allure.severity_level.CRITICAL)\n    def test_inspector_details_match_campaign_data(self, driver, test_data):\n        with allure.step(\"Construct product URL from BASE_URL + test_data JSON\"):\n            product_url = BASE_URL + test_data[\"product_page\"][\"url\"] # example; \"/products/sample-product\"\n    \n        product = ProductPage(driver)\n        inspector = InspectorPanel(driver)\n    \n        # Open product page and wait for popup to become visible.\n        with allure.step(\"Open product page and wait for popup to become visible\"):\n            product.open(product_url)\n>           product.wait_for_popup_visible()\n\ntests\\test_inspectorVdetails.py:21: \n_ _ _ _ _ _ _ _ _ _ _ _ _ _ _ _ _ _ _ _ _ _ _ _ _ _ _ _ _ _ _ _ _ _ _ _ _ _ _ _ _ _ _ _ _ _ _ _ _ _ _ _ _ _ _ _ _ _ _ _ _ _ _ _ _ _ _ _ _ _ _ _ _ _ _ _ _ _ _ _ _ _ _ _ _ _ _ _ _ _ _ _ _ _ _ _ _ _ _ _ _ _ _ _ _ _ _ _ _ _ _ _ _ _ _ _\npages\\page_products.py:24: in wait_for_popup_visible\n    popup = wait_for_visibility(self.driver, self.POPUP_CONTAINER)\n            ^^^^^^^^^^^^^^^^^^^^^^^^^^^^^^^^^^^^^^^^^^^^^^^^^^^^^^\nutilities\\waiter.py:9: in wait_for_visibility\n    return WebDriverWait(driver, t).until(EC.visibility_of_element_located(locator))\n           ^^^^^^^^^^^^^^^^^^^^^^^^^^^^^^^^^^^^^^^^^^^^^^^^^^^^^^^^^^^^^^^^^^^^^^^^^\n_ _ _ _ _ _ _ _ _ _ _ _ _ _ _ _ _ _ _ _ _ _ _ _ _ _ _ _ _ _ _ _ _ _ _ _ _ _ _ _ _ _ _ _ _ _ _ _ _ _ _ _ _ _ _ _ _ _ _ _ _ _ _ _ _ _ _ _ _ _ _ _ _ _ _ _ _ _ _ _ _ _ _ _ _ _ _ _ _ _ _ _ _ _ _ _ _ _ _ _ _ _ _ _ _ _ _ _ _ _ _ _ _ _ _ _\n\nself = <selenium.webdriver.support.wait.WebDriverWait (session=\"45efee00e88e3d54f1593b70de1011c5\")>, method = <function visibility_of_element_located.<locals>._predicate at 0x00000199B6C78F60>, message = ''\n\n    def until(self, method: Callable[[D], Union[Literal[False], T]], message: str = \"\") -> T:\n        \"\"\"Wait until the method returns a value that is not False.\n    \n        Calls the method provided with the driver as an argument until the\n        return value does not evaluate to ``False``.\n    \n        Parameters:\n        -----------\n        method: callable(WebDriver)\n            - A callable object that takes a WebDriver instance as an argument.\n    \n        message: str\n            - Optional message for :exc:`TimeoutException`\n    \n        Return:\n        -------\n        object: T\n            - The result of the last call to `method`\n    \n        Raises:\n        -------\n        TimeoutException\n            - If 'method' does not return a truthy value within the WebDriverWait\n            object's timeout\n    \n        Example:\n        --------\n        >>> from selenium.webdriver.common.by import By\n        >>> from selenium.webdriver.support.ui import WebDriverWait\n        >>> from selenium.webdriver.support import expected_conditions as EC\n    \n        # Wait until an element is visible on the page\n        >>> wait = WebDriverWait(driver, 10)\n        >>> element = wait.until(EC.visibility_of_element_located((By.ID, \"exampleId\")))\n        >>> print(element.text)\n        \"\"\"\n        screen = None\n        stacktrace = None\n    \n        end_time = time.monotonic() + self._timeout\n        while True:\n            try:\n                value = method(self._driver)\n                if value:\n                    return value\n            except self._ignored_exceptions as exc:\n                screen = getattr(exc, \"screen\", None)\n                stacktrace = getattr(exc, \"stacktrace\", None)\n            if time.monotonic() > end_time:\n                break\n            time.sleep(self._poll)\n>       raise TimeoutException(message, screen, stacktrace)\nE       selenium.common.exceptions.TimeoutException: Message: \nE       Stacktrace:\nE       Symbols not available. Dumping unresolved backtrace:\nE       \t0x5d4103\nE       \t0x5d4144\nE       \t0x3de71d\nE       \t0x42a03d\nE       \t0x42a41b\nE       \t0x4717f2\nE       \t0x44c954\nE       \t0x46ee17\nE       \t0x44c706\nE       \t0x41da30\nE       \t0x41ed54\nE       \t0x8457b4\nE       \t0x84098a\nE       \t0x5fc392\nE       \t0x5ec4c8\nE       \t0x5f324d\nE       \t0x5dc478\nE       \t0x5dc63c\nE       \t0x5c67ca\nE       \t0x766f5d49\nE       \t0x774ed6db\nE       \t0x774ed661\n\nvenv\\Lib\\site-packages\\selenium\\webdriver\\support\\wait.py:138: TimeoutException"}, "description": "Verify inspector details (Campaign ID, Language, Custom Rule) match expected campaign data.", "steps": [{"name": "Construct product URL from BASE_URL + test_data JSON", "status": "passed", "start": 1764700999176, "stop": 1764700999176}, {"name": "Open product page and wait for popup to become visible", "status": "broken", "statusDetails": {"message": "selenium.common.exceptions.TimeoutException: Message: \nStacktrace:\nSymbols not available. Dumping unresolved backtrace:\n\t0x5d4103\n\t0x5d4144\n\t0x3de71d\n\t0x42a03d\n\t0x42a41b\n\t0x4717f2\n\t0x44c954\n\t0x46ee17\n\t0x44c706\n\t0x41da30\n\t0x41ed54\n\t0x8457b4\n\t0x84098a\n\t0x5fc392\n\t0x5ec4c8\n\t0x5f324d\n\t0x5dc478\n\t0x5dc63c\n\t0x5c67ca\n\t0x766f5d49\n\t0x774ed6db\n\t0x774ed661\n\n", "trace": "  File \"C:\\Users\\kultu\\Desktop\\kul_tunc_selenium_test_case\\tests\\test_inspectorVdetails.py\", line 21, in test_inspector_details_match_campaign_data\n    product.wait_for_popup_visible()\n    ~~~~~~~~~~~~~~~~~~~~~~~~~~~~~~^^\n  File \"C:\\Users\\kultu\\Desktop\\kul_tunc_selenium_test_case\\pages\\page_products.py\", line 24, in wait_for_popup_visible\n    popup = wait_for_visibility(self.driver, self.POPUP_CONTAINER)\n  File \"C:\\Users\\kultu\\Desktop\\kul_tunc_selenium_test_case\\utilities\\waiter.py\", line 9, in wait_for_visibility\n    return WebDriverWait(driver, t).until(EC.visibility_of_element_located(locator))\n           ~~~~~~~~~~~~~~~~~~~~~~~~~~~~~~^^^^^^^^^^^^^^^^^^^^^^^^^^^^^^^^^^^^^^^^^^^\n  File \"C:\\Users\\kultu\\Desktop\\kul_tunc_selenium_test_case\\venv\\Lib\\site-packages\\selenium\\webdriver\\support\\wait.py\", line 138, in until\n    raise TimeoutException(message, screen, stacktrace)\n"}, "start": 1764700999177, "stop": 1764701010260}], "attachments": [{"name": "log", "source": "b6e611f5-21c3-43ec-9150-92a4b74cd0c5-attachment.txt", "type": "text/plain"}], "start": 1764700999176, "stop": 1764701010261, "uuid": "564febcc-0cc7-440d-9cc8-8161a9de8b05", "historyId": "b83453819e91a616c860bfab2c8afb6c", "testCaseId": "b83453819e91a616c860bfab2c8afb6c", "fullName": "tests.test_inspectorVdetails.TestInspectorDetails#test_inspector_details_match_campaign_data", "labels": [{"name": "severity", "value": "critical"}, {"name": "parentSuite", "value": "tests"}, {"name": "suite", "value": "test_inspectorVdetails"}, {"name": "subSuite", "value": "TestInspectorDetails"}, {"name": "host", "value": "Highlord"}, {"name": "thread", "value": "10968-MainThread"}, {"name": "framework", "value": "pytest"}, {"name": "language", "value": "cpython3"}, {"name": "package", "value": "tests.test_inspectorVdetails"}], "titlePath": ["tests", "test_inspectorVdetails.py", "TestInspectorDetails"]}